# JRE version: OpenJDK Runtime Environment (17.0.9+9) (build 17.0.9+9-Ubuntu-120.04)
# Java VM: OpenJDK 64-Bit Server VM (17.0.9+9-Ubuntu-120.04, mixed mode, sharing, tiered, compressed oops, compressed class ptrs, g1 gc, linux-amd64)
Heap:
 garbage-first heap   total 167936K, used 66799K [0x0000000094c00000, 0x0000000100000000)
  region size 1024K, 24 young (24576K), 5 survivors (5120K)
 Metaspace       used 25060K, committed 25344K, reserved 1114112K
  class space    used 3049K, committed 3200K, reserved 1048576K
GC Heap History (10 events):
Event: 0.808 GC heap before
{Heap before GC invocations=0 (full 0):
 garbage-first heap   total 112640K, used 23472K [0x0000000094c00000, 0x0000000100000000)
  region size 1024K, 23 young (23552K), 0 survivors (0K)
 Metaspace       used 11202K, committed 11456K, reserved 1114112K
  class space    used 1216K, committed 1344K, reserved 1048576K
}
Event: 0.820 GC heap after
{Heap after GC invocations=1 (full 0):
 garbage-first heap   total 112640K, used 8303K [0x0000000094c00000, 0x0000000100000000)
  region size 1024K, 3 young (3072K), 3 survivors (3072K)
 Metaspace       used 11202K, committed 11456K, reserved 1114112K
  class space    used 1216K, committed 1344K, reserved 1048576K
}
Event: 1.242 GC heap before
{Heap before GC invocations=1 (full 0):
 garbage-first heap   total 112640K, used 56431K [0x0000000094c00000, 0x0000000100000000)
  region size 1024K, 16 young (16384K), 3 survivors (3072K)
 Metaspace       used 13373K, committed 13568K, reserved 1114112K
  class space    used 1422K, committed 1536K, reserved 1048576K
}
Event: 1.248 GC heap after
{Heap after GC invocations=2 (full 0):
 garbage-first heap   total 112640K, used 45944K [0x0000000094c00000, 0x0000000100000000)
  region size 1024K, 2 young (2048K), 2 survivors (2048K)
 Metaspace       used 13373K, committed 13568K, reserved 1114112K
  class space    used 1422K, committed 1536K, reserved 1048576K
}
Event: 1.401 GC heap before
{Heap before GC invocations=2 (full 0):
 garbage-first heap   total 112640K, used 55160K [0x0000000094c00000, 0x0000000100000000)
  region size 1024K, 4 young (4096K), 2 survivors (2048K)
 Metaspace       used 14359K, committed 14592K, reserved 1114112K
  class space    used 1530K, committed 1664K, reserved 1048576K
}
Event: 1.403 GC heap after
{Heap after GC invocations=3 (full 0):
 garbage-first heap   total 112640K, used 38172K [0x0000000094c00000, 0x0000000100000000)
  region size 1024K, 3 young (3072K), 3 survivors (3072K)
 Metaspace       used 14359K, committed 14592K, reserved 1114112K
  class space    used 1530K, committed 1664K, reserved 1048576K
}
Event: 1.407 GC heap before
{Heap before GC invocations=3 (full 0):
 garbage-first heap   total 112640K, used 46364K [0x0000000094c00000, 0x0000000100000000)
  region size 1024K, 4 young (4096K), 3 survivors (3072K)
 Metaspace       used 14360K, committed 14592K, reserved 1114112K
  class space    used 1530K, committed 1664K, reserved 1048576K
}
Event: 1.409 GC heap after
{Heap after GC invocations=4 (full 0):
 garbage-first heap   total 112640K, used 38149K [0x0000000094c00000, 0x0000000100000000)
  region size 1024K, 3 young (3072K), 3 survivors (3072K)
 Metaspace       used 14360K, committed 14592K, reserved 1114112K
  class space    used 1530K, committed 1664K, reserved 1048576K
}
Event: 11.437 GC heap before
{Heap before GC invocations=4 (full 0):
 garbage-first heap   total 112640K, used 60677K [0x0000000094c00000, 0x0000000100000000)
  region size 1024K, 20 young (20480K), 3 survivors (3072K)
 Metaspace       used 21263K, committed 21504K, reserved 1114112K
  class space    used 2396K, committed 2496K, reserved 1048576K
}
Event: 11.442 GC heap after
{Heap after GC invocations=5 (full 0):
 garbage-first heap   total 225280K, used 47346K [0x0000000094c00000, 0x0000000100000000)
  region size 1024K, 5 young (5120K), 5 survivors (5120K)
 Metaspace       used 21263K, committed 21504K, reserved 1114112K
  class space    used 2396K, committed 2496K, reserved 1048576K
}

