# JRE version: OpenJDK Runtime Environment (17.0.9+9) (build 17.0.9+9-Ubuntu-120.04)
# Java VM: OpenJDK 64-Bit Server VM (17.0.9+9-Ubuntu-120.04, mixed mode, sharing, tiered, compressed oops, compressed class ptrs, g1 gc, linux-amd64)
Heap:
 garbage-first heap   total 225280K, used 68471K [0x0000000094c00000, 0x0000000100000000)
  region size 1024K, 25 young (25600K), 3 survivors (3072K)
 Metaspace       used 26249K, committed 26496K, reserved 1114112K
  class space    used 3145K, committed 3264K, reserved 1048576K
GC Heap History (12 events):
Event: 0.897 GC heap before
{Heap before GC invocations=0 (full 0):
 garbage-first heap   total 112640K, used 23472K [0x0000000094c00000, 0x0000000100000000)
  region size 1024K, 23 young (23552K), 0 survivors (0K)
 Metaspace       used 11193K, committed 11456K, reserved 1114112K
  class space    used 1216K, committed 1344K, reserved 1048576K
}
Event: 0.906 GC heap after
{Heap after GC invocations=1 (full 0):
 garbage-first heap   total 112640K, used 8251K [0x0000000094c00000, 0x0000000100000000)
  region size 1024K, 3 young (3072K), 3 survivors (3072K)
 Metaspace       used 11193K, committed 11456K, reserved 1114112K
  class space    used 1216K, committed 1344K, reserved 1048576K
}
Event: 1.356 GC heap before
{Heap before GC invocations=1 (full 0):
 garbage-first heap   total 112640K, used 55355K [0x0000000094c00000, 0x0000000100000000)
  region size 1024K, 16 young (16384K), 3 survivors (3072K)
 Metaspace       used 13383K, committed 13632K, reserved 1114112K
  class space    used 1421K, committed 1536K, reserved 1048576K
}
Event: 1.363 GC heap after
{Heap after GC invocations=2 (full 0):
 garbage-first heap   total 112640K, used 45838K [0x0000000094c00000, 0x0000000100000000)
  region size 1024K, 2 young (2048K), 2 survivors (2048K)
 Metaspace       used 13383K, committed 13632K, reserved 1114112K
  class space    used 1421K, committed 1536K, reserved 1048576K
}
Event: 1.550 GC heap before
{Heap before GC invocations=2 (full 0):
 garbage-first heap   total 112640K, used 55054K [0x0000000094c00000, 0x0000000100000000)
  region size 1024K, 4 young (4096K), 2 survivors (2048K)
 Metaspace       used 14370K, committed 14592K, reserved 1114112K
  class space    used 1530K, committed 1664K, reserved 1048576K
}
Event: 1.552 GC heap after
{Heap after GC invocations=3 (full 0):
 garbage-first heap   total 112640K, used 37998K [0x0000000094c00000, 0x0000000100000000)
  region size 1024K, 3 young (3072K), 3 survivors (3072K)
 Metaspace       used 14370K, committed 14592K, reserved 1114112K
  class space    used 1530K, committed 1664K, reserved 1048576K
}
Event: 1.557 GC heap before
{Heap before GC invocations=3 (full 0):
 garbage-first heap   total 112640K, used 46190K [0x0000000094c00000, 0x0000000100000000)
  region size 1024K, 4 young (4096K), 3 survivors (3072K)
 Metaspace       used 14371K, committed 14592K, reserved 1114112K
  class space    used 1530K, committed 1664K, reserved 1048576K
}
Event: 1.559 GC heap after
{Heap after GC invocations=4 (full 0):
 garbage-first heap   total 112640K, used 37981K [0x0000000094c00000, 0x0000000100000000)
  region size 1024K, 3 young (3072K), 3 survivors (3072K)
 Metaspace       used 14371K, committed 14592K, reserved 1114112K
  class space    used 1530K, committed 1664K, reserved 1048576K
}
Event: 525.507 GC heap before
{Heap before GC invocations=4 (full 0):
 garbage-first heap   total 112640K, used 59485K [0x0000000094c00000, 0x0000000100000000)
  region size 1024K, 18 young (18432K), 3 survivors (3072K)
 Metaspace       used 21291K, committed 21504K, reserved 1114112K
  class space    used 2350K, committed 2432K, reserved 1048576K
}
Event: 525.517 GC heap after
{Heap after GC invocations=5 (full 0):
 garbage-first heap   total 112640K, used 46998K [0x0000000094c00000, 0x0000000100000000)
  region size 1024K, 5 young (5120K), 5 survivors (5120K)
 Metaspace       used 21291K, committed 21504K, reserved 1114112K
  class space    used 2350K, committed 2432K, reserved 1048576K
}
Event: 525.546 GC heap before
{Heap before GC invocations=6 (full 0):
 garbage-first heap   total 112640K, used 49046K [0x0000000094c00000, 0x0000000100000000)
  region size 1024K, 8 young (8192K), 5 survivors (5120K)
 Metaspace       used 21941K, committed 22144K, reserved 1114112K
  class space    used 2417K, committed 2496K, reserved 1048576K
}
Event: 525.550 GC heap after
{Heap after GC invocations=7 (full 0):
 garbage-first heap   total 225280K, used 30628K [0x0000000094c00000, 0x0000000100000000)
  region size 1024K, 3 young (3072K), 3 survivors (3072K)
 Metaspace       used 21941K, committed 22144K, reserved 1114112K
  class space    used 2417K, committed 2496K, reserved 1048576K
}

