# JRE version: OpenJDK Runtime Environment (17.0.9+9) (build 17.0.9+9-Ubuntu-120.04)
# Java VM: OpenJDK 64-Bit Server VM (17.0.9+9-Ubuntu-120.04, mixed mode, sharing, tiered, compressed oops, compressed class ptrs, g1 gc, linux-amd64)
Heap:
 garbage-first heap   total 78848K, used 25970K [0x0000000094c00000, 0x0000000100000000)
  region size 1024K, 8 young (8192K), 1 survivors (1024K)
 Metaspace       used 25905K, committed 26176K, reserved 1114112K
  class space    used 3118K, committed 3264K, reserved 1048576K
GC Heap History (10 events):
Event: 0.859 GC heap before
{Heap before GC invocations=0 (full 0):
 garbage-first heap   total 112640K, used 23472K [0x0000000094c00000, 0x0000000100000000)
  region size 1024K, 23 young (23552K), 0 survivors (0K)
 Metaspace       used 11233K, committed 11520K, reserved 1114112K
  class space    used 1216K, committed 1344K, reserved 1048576K
}
Event: 0.866 GC heap after
{Heap after GC invocations=1 (full 0):
 garbage-first heap   total 112640K, used 5421K [0x0000000094c00000, 0x0000000100000000)
  region size 1024K, 3 young (3072K), 3 survivors (3072K)
 Metaspace       used 11233K, committed 11520K, reserved 1114112K
  class space    used 1216K, committed 1344K, reserved 1048576K
}
Event: 1.352 GC heap before
{Heap before GC invocations=1 (full 0):
 garbage-first heap   total 112640K, used 62765K [0x0000000094c00000, 0x0000000100000000)
  region size 1024K, 17 young (17408K), 3 survivors (3072K)
 Metaspace       used 14368K, committed 14592K, reserved 1114112K
  class space    used 1530K, committed 1664K, reserved 1048576K
}
Event: 1.356 GC heap after
{Heap after GC invocations=2 (full 0):
 garbage-first heap   total 112640K, used 51806K [0x0000000094c00000, 0x0000000100000000)
  region size 1024K, 3 young (3072K), 3 survivors (3072K)
 Metaspace       used 14368K, committed 14592K, reserved 1114112K
  class space    used 1530K, committed 1664K, reserved 1048576K
}
Event: 10.732 GC heap before
{Heap before GC invocations=3 (full 0):
 garbage-first heap   total 117760K, used 103006K [0x0000000094c00000, 0x0000000100000000)
  region size 1024K, 25 young (25600K), 3 survivors (3072K)
 Metaspace       used 22946K, committed 23232K, reserved 1114112K
  class space    used 2609K, committed 2752K, reserved 1048576K
}
Event: 10.741 GC heap after
{Heap after GC invocations=4 (full 0):
 garbage-first heap   total 117760K, used 60215K [0x0000000094c00000, 0x0000000100000000)
  region size 1024K, 3 young (3072K), 3 survivors (3072K)
 Metaspace       used 22946K, committed 23232K, reserved 1114112K
  class space    used 2609K, committed 2752K, reserved 1048576K
}
Event: 10.769 GC heap before
{Heap before GC invocations=4 (full 0):
 garbage-first heap   total 117760K, used 62263K [0x0000000094c00000, 0x0000000100000000)
  region size 1024K, 5 young (5120K), 3 survivors (3072K)
 Metaspace       used 23678K, committed 23936K, reserved 1114112K
  class space    used 2783K, committed 2944K, reserved 1048576K
}
Event: 10.772 GC heap after
{Heap after GC invocations=5 (full 0):
 garbage-first heap   total 117760K, used 36397K [0x0000000094c00000, 0x0000000100000000)
  region size 1024K, 1 young (1024K), 1 survivors (1024K)
 Metaspace       used 23678K, committed 23936K, reserved 1114112K
  class space    used 2783K, committed 2944K, reserved 1048576K
}
Event: 10.799 GC heap before
{Heap before GC invocations=5 (full 0):
 garbage-first heap   total 117760K, used 37421K [0x0000000094c00000, 0x0000000100000000)
  region size 1024K, 3 young (3072K), 1 survivors (1024K)
 Metaspace       used 24069K, committed 24320K, reserved 1114112K
  class space    used 2836K, committed 3008K, reserved 1048576K
}
Event: 10.801 GC heap after
{Heap after GC invocations=6 (full 0):
 garbage-first heap   total 117760K, used 36210K [0x0000000094c00000, 0x0000000100000000)
  region size 1024K, 1 young (1024K), 1 survivors (1024K)
 Metaspace       used 24069K, committed 24320K, reserved 1114112K
  class space    used 2836K, committed 3008K, reserved 1048576K
}

