# JRE version: OpenJDK Runtime Environment (17.0.9+9) (build 17.0.9+9-Ubuntu-120.04)
# Java VM: OpenJDK 64-Bit Server VM (17.0.9+9-Ubuntu-120.04, mixed mode, sharing, tiered, compressed oops, compressed class ptrs, g1 gc, linux-amd64)
Heap:
 garbage-first heap   total 371712K, used 149431K [0x0000000094c00000, 0x0000000100000000)
  region size 1024K, 6 young (6144K), 2 survivors (2048K)
 Metaspace       used 26066K, committed 26368K, reserved 1114112K
  class space    used 3119K, committed 3264K, reserved 1048576K
GC Heap History (20 events):
Event: 16.786 GC heap before
{Heap before GC invocations=11 (full 0):
 garbage-first heap   total 246784K, used 110357K [0x0000000094c00000, 0x0000000100000000)
  region size 1024K, 7 young (7168K), 4 survivors (4096K)
 Metaspace       used 25945K, committed 26240K, reserved 1114112K
  class space    used 3116K, committed 3264K, reserved 1048576K
}
Event: 16.792 GC heap after
{Heap after GC invocations=12 (full 0):
 garbage-first heap   total 246784K, used 93152K [0x0000000094c00000, 0x0000000100000000)
  region size 1024K, 4 young (4096K), 4 survivors (4096K)
 Metaspace       used 25945K, committed 26240K, reserved 1114112K
  class space    used 3116K, committed 3264K, reserved 1048576K
}
Event: 16.836 GC heap before
{Heap before GC invocations=12 (full 0):
 garbage-first heap   total 246784K, used 109536K [0x0000000094c00000, 0x0000000100000000)
  region size 1024K, 6 young (6144K), 4 survivors (4096K)
 Metaspace       used 25945K, committed 26240K, reserved 1114112K
  class space    used 3116K, committed 3264K, reserved 1048576K
}
Event: 16.842 GC heap after
{Heap after GC invocations=13 (full 0):
 garbage-first heap   total 246784K, used 47209K [0x0000000094c00000, 0x0000000100000000)
  region size 1024K, 4 young (4096K), 4 survivors (4096K)
 Metaspace       used 25945K, committed 26240K, reserved 1114112K
  class space    used 3116K, committed 3264K, reserved 1048576K
}
Event: 136.918 GC heap before
{Heap before GC invocations=13 (full 0):
 garbage-first heap   total 246784K, used 110697K [0x0000000094c00000, 0x0000000100000000)
  region size 1024K, 7 young (7168K), 4 survivors (4096K)
 Metaspace       used 25962K, committed 26240K, reserved 1114112K
  class space    used 3116K, committed 3264K, reserved 1048576K
}
Event: 136.921 GC heap after
{Heap after GC invocations=14 (full 0):
 garbage-first heap   total 246784K, used 92946K [0x0000000094c00000, 0x0000000100000000)
  region size 1024K, 4 young (4096K), 4 survivors (4096K)
 Metaspace       used 25962K, committed 26240K, reserved 1114112K
  class space    used 3116K, committed 3264K, reserved 1048576K
}
Event: 137.300 GC heap before
{Heap before GC invocations=14 (full 0):
 garbage-first heap   total 246784K, used 108306K [0x0000000094c00000, 0x0000000100000000)
  region size 1024K, 5 young (5120K), 4 survivors (4096K)
 Metaspace       used 25963K, committed 26240K, reserved 1114112K
  class space    used 3116K, committed 3264K, reserved 1048576K
}
Event: 137.303 GC heap after
{Heap after GC invocations=15 (full 0):
 garbage-first heap   total 246784K, used 46934K [0x0000000094c00000, 0x0000000100000000)
  region size 1024K, 4 young (4096K), 4 survivors (4096K)
 Metaspace       used 25963K, committed 26240K, reserved 1114112K
  class space    used 3116K, committed 3264K, reserved 1048576K
}
Event: 137.497 GC heap before
{Heap before GC invocations=15 (full 0):
 garbage-first heap   total 246784K, used 109398K [0x0000000094c00000, 0x0000000100000000)
  region size 1024K, 6 young (6144K), 4 survivors (4096K)
 Metaspace       used 25986K, committed 26240K, reserved 1114112K
  class space    used 3117K, committed 3264K, reserved 1048576K
}
Event: 137.500 GC heap after
{Heap after GC invocations=16 (full 0):
 garbage-first heap   total 246784K, used 93081K [0x0000000094c00000, 0x0000000100000000)
  region size 1024K, 4 young (4096K), 4 survivors (4096K)
 Metaspace       used 25986K, committed 26240K, reserved 1114112K
  class space    used 3117K, committed 3264K, reserved 1048576K
}
Event: 137.544 GC heap before
{Heap before GC invocations=16 (full 0):
 garbage-first heap   total 246784K, used 108441K [0x0000000094c00000, 0x0000000100000000)
  region size 1024K, 5 young (5120K), 4 survivors (4096K)
 Metaspace       used 25986K, committed 26240K, reserved 1114112K
  class space    used 3117K, committed 3264K, reserved 1048576K
}
Event: 137.547 GC heap after
{Heap after GC invocations=17 (full 0):
 garbage-first heap   total 246784K, used 47004K [0x0000000094c00000, 0x0000000100000000)
  region size 1024K, 4 young (4096K), 4 survivors (4096K)
 Metaspace       used 25986K, committed 26240K, reserved 1114112K
  class space    used 3117K, committed 3264K, reserved 1048576K
}
Event: 137.739 GC heap before
{Heap before GC invocations=17 (full 0):
 garbage-first heap   total 246784K, used 109468K [0x0000000094c00000, 0x0000000100000000)
  region size 1024K, 6 young (6144K), 4 survivors (4096K)
 Metaspace       used 25987K, committed 26240K, reserved 1114112K
  class space    used 3117K, committed 3264K, reserved 1048576K
}
Event: 137.742 GC heap after
{Heap after GC invocations=18 (full 0):
 garbage-first heap   total 371712K, used 93011K [0x0000000094c00000, 0x0000000100000000)
  region size 1024K, 4 young (4096K), 4 survivors (4096K)
 Metaspace       used 25987K, committed 26240K, reserved 1114112K
  class space    used 3117K, committed 3264K, reserved 1048576K
}
Event: 137.985 GC heap before
{Heap before GC invocations=18 (full 0):
 garbage-first heap   total 371712K, used 163667K [0x0000000094c00000, 0x0000000100000000)
  region size 1024K, 7 young (7168K), 4 survivors (4096K)
 Metaspace       used 26001K, committed 26240K, reserved 1114112K
  class space    used 3117K, committed 3264K, reserved 1048576K
}
Event: 137.991 GC heap after
{Heap after GC invocations=19 (full 0):
 garbage-first heap   total 371712K, used 100397K [0x0000000094c00000, 0x0000000100000000)
  region size 1024K, 4 young (4096K), 4 survivors (4096K)
 Metaspace       used 26001K, committed 26240K, reserved 1114112K
  class space    used 3117K, committed 3264K, reserved 1048576K
}
Event: 138.184 GC heap before
{Heap before GC invocations=19 (full 0):
 garbage-first heap   total 371712K, used 163885K [0x0000000094c00000, 0x0000000100000000)
  region size 1024K, 7 young (7168K), 4 survivors (4096K)
 Metaspace       used 26018K, committed 26304K, reserved 1114112K
  class space    used 3117K, committed 3264K, reserved 1048576K
}
Event: 138.189 GC heap after
{Heap after GC invocations=20 (full 0):
 garbage-first heap   total 371712K, used 84907K [0x0000000094c00000, 0x0000000100000000)
  region size 1024K, 3 young (3072K), 3 survivors (3072K)
 Metaspace       used 26018K, committed 26304K, reserved 1114112K
  class space    used 3117K, committed 3264K, reserved 1048576K
}
Event: 139.215 GC heap before
{Heap before GC invocations=20 (full 0):
 garbage-first heap   total 371712K, used 163755K [0x0000000094c00000, 0x0000000100000000)
  region size 1024K, 6 young (6144K), 3 survivors (3072K)
 Metaspace       used 26043K, committed 26368K, reserved 1114112K
  class space    used 3117K, committed 3264K, reserved 1048576K
}
Event: 139.217 GC heap after
{Heap after GC invocations=21 (full 0):
 garbage-first heap   total 371712K, used 100279K [0x0000000094c00000, 0x0000000100000000)
  region size 1024K, 2 young (2048K), 2 survivors (2048K)
 Metaspace       used 26043K, committed 26368K, reserved 1114112K
  class space    used 3117K, committed 3264K, reserved 1048576K
}

