# JRE version: OpenJDK Runtime Environment (17.0.9+9) (build 17.0.9+9-Ubuntu-120.04)
# Java VM: OpenJDK 64-Bit Server VM (17.0.9+9-Ubuntu-120.04, mixed mode, sharing, tiered, compressed oops, compressed class ptrs, g1 gc, linux-amd64)
Heap:
 garbage-first heap   total 307200K, used 136908K [0x0000000094c00000, 0x0000000100000000)
  region size 1024K, 4 young (4096K), 1 survivors (1024K)
 Metaspace       used 26040K, committed 26304K, reserved 1114112K
  class space    used 3120K, committed 3264K, reserved 1048576K
GC Heap History (20 events):
Event: 18.377 GC heap before
{Heap before GC invocations=9 (full 0):
 garbage-first heap   total 94208K, used 50895K [0x0000000094c00000, 0x0000000100000000)
  region size 1024K, 2 young (2048K), 1 survivors (1024K)
 Metaspace       used 25893K, committed 26176K, reserved 1114112K
  class space    used 3116K, committed 3264K, reserved 1048576K
}
Event: 18.379 GC heap after
{Heap after GC invocations=10 (full 0):
 garbage-first heap   total 152576K, used 35516K [0x0000000094c00000, 0x0000000100000000)
  region size 1024K, 1 young (1024K), 1 survivors (1024K)
 Metaspace       used 25893K, committed 26176K, reserved 1114112K
  class space    used 3116K, committed 3264K, reserved 1048576K
}
Event: 18.482 GC heap before
{Heap before GC invocations=10 (full 0):
 garbage-first heap   total 152576K, used 67260K [0x0000000094c00000, 0x0000000100000000)
  region size 1024K, 3 young (3072K), 1 survivors (1024K)
 Metaspace       used 25910K, committed 26240K, reserved 1114112K
  class space    used 3116K, committed 3264K, reserved 1048576K
}
Event: 18.484 GC heap after
{Heap after GC invocations=11 (full 0):
 garbage-first heap   total 152576K, used 66230K [0x0000000094c00000, 0x0000000100000000)
  region size 1024K, 1 young (1024K), 1 survivors (1024K)
 Metaspace       used 25910K, committed 26240K, reserved 1114112K
  class space    used 3116K, committed 3264K, reserved 1048576K
}
Event: 18.528 GC heap before
{Heap before GC invocations=11 (full 0):
 garbage-first heap   total 152576K, used 73398K [0x0000000094c00000, 0x0000000100000000)
  region size 1024K, 2 young (2048K), 1 survivors (1024K)
 Metaspace       used 25911K, committed 26240K, reserved 1114112K
  class space    used 3116K, committed 3264K, reserved 1048576K
}
Event: 18.530 GC heap after
{Heap after GC invocations=12 (full 0):
 garbage-first heap   total 152576K, used 42673K [0x0000000094c00000, 0x0000000100000000)
  region size 1024K, 1 young (1024K), 1 survivors (1024K)
 Metaspace       used 25911K, committed 26240K, reserved 1114112K
  class space    used 3116K, committed 3264K, reserved 1048576K
}
Event: 18.585 GC heap before
{Heap before GC invocations=12 (full 0):
 garbage-first heap   total 152576K, used 66225K [0x0000000094c00000, 0x0000000100000000)
  region size 1024K, 2 young (2048K), 1 survivors (1024K)
 Metaspace       used 25911K, committed 26240K, reserved 1114112K
  class space    used 3116K, committed 3264K, reserved 1048576K
}
Event: 18.586 GC heap after
{Heap after GC invocations=13 (full 0):
 garbage-first heap   total 152576K, used 50872K [0x0000000094c00000, 0x0000000100000000)
  region size 1024K, 1 young (1024K), 1 survivors (1024K)
 Metaspace       used 25911K, committed 26240K, reserved 1114112K
  class space    used 3116K, committed 3264K, reserved 1048576K
}
Event: 18.842 GC heap before
{Heap before GC invocations=13 (full 0):
 garbage-first heap   total 152576K, used 66232K [0x0000000094c00000, 0x0000000100000000)
  region size 1024K, 2 young (2048K), 1 survivors (1024K)
 Metaspace       used 25913K, committed 26240K, reserved 1114112K
  class space    used 3116K, committed 3264K, reserved 1048576K
}
Event: 18.844 GC heap after
{Heap after GC invocations=14 (full 0):
 garbage-first heap   total 307200K, used 50868K [0x0000000094c00000, 0x0000000100000000)
  region size 1024K, 1 young (1024K), 1 survivors (1024K)
 Metaspace       used 25913K, committed 26240K, reserved 1114112K
  class space    used 3116K, committed 3264K, reserved 1048576K
}
Event: 19.152 GC heap before
{Heap before GC invocations=14 (full 0):
 garbage-first heap   total 307200K, used 136884K [0x0000000094c00000, 0x0000000100000000)
  region size 1024K, 4 young (4096K), 1 survivors (1024K)
 Metaspace       used 25921K, committed 26240K, reserved 1114112K
  class space    used 3116K, committed 3264K, reserved 1048576K
}
Event: 19.154 GC heap after
{Heap after GC invocations=15 (full 0):
 garbage-first heap   total 307200K, used 119476K [0x0000000094c00000, 0x0000000100000000)
  region size 1024K, 1 young (1024K), 1 survivors (1024K)
 Metaspace       used 25921K, committed 26240K, reserved 1114112K
  class space    used 3116K, committed 3264K, reserved 1048576K
}
Event: 19.209 GC heap before
{Heap before GC invocations=15 (full 0):
 garbage-first heap   total 307200K, used 134836K [0x0000000094c00000, 0x0000000100000000)
  region size 1024K, 2 young (2048K), 1 survivors (1024K)
 Metaspace       used 25929K, committed 26240K, reserved 1114112K
  class space    used 3117K, committed 3264K, reserved 1048576K
}
Event: 19.211 GC heap after
{Heap after GC invocations=16 (full 0):
 garbage-first heap   total 307200K, used 42680K [0x0000000094c00000, 0x0000000100000000)
  region size 1024K, 1 young (1024K), 1 survivors (1024K)
 Metaspace       used 25929K, committed 26240K, reserved 1114112K
  class space    used 3117K, committed 3264K, reserved 1048576K
}
Event: 60.178 GC heap before
{Heap before GC invocations=16 (full 0):
 garbage-first heap   total 307200K, used 137912K [0x0000000094c00000, 0x0000000100000000)
  region size 1024K, 5 young (5120K), 1 survivors (1024K)
 Metaspace       used 25981K, committed 26240K, reserved 1114112K
  class space    used 3118K, committed 3264K, reserved 1048576K
}
Event: 60.179 GC heap after
{Heap after GC invocations=17 (full 0):
 garbage-first heap   total 307200K, used 119498K [0x0000000094c00000, 0x0000000100000000)
  region size 1024K, 1 young (1024K), 1 survivors (1024K)
 Metaspace       used 25981K, committed 26240K, reserved 1114112K
  class space    used 3118K, committed 3264K, reserved 1048576K
}
Event: 60.224 GC heap before
{Heap before GC invocations=17 (full 0):
 garbage-first heap   total 307200K, used 134858K [0x0000000094c00000, 0x0000000100000000)
  region size 1024K, 2 young (2048K), 1 survivors (1024K)
 Metaspace       used 25989K, committed 26304K, reserved 1114112K
  class space    used 3118K, committed 3264K, reserved 1048576K
}
Event: 60.225 GC heap after
{Heap after GC invocations=18 (full 0):
 garbage-first heap   total 307200K, used 42690K [0x0000000094c00000, 0x0000000100000000)
  region size 1024K, 1 young (1024K), 1 survivors (1024K)
 Metaspace       used 25989K, committed 26304K, reserved 1114112K
  class space    used 3118K, committed 3264K, reserved 1048576K
}
Event: 60.658 GC heap before
{Heap before GC invocations=18 (full 0):
 garbage-first heap   total 307200K, used 136898K [0x0000000094c00000, 0x0000000100000000)
  region size 1024K, 4 young (4096K), 1 survivors (1024K)
 Metaspace       used 26014K, committed 26304K, reserved 1114112K
  class space    used 3118K, committed 3264K, reserved 1048576K
}
Event: 60.659 GC heap after
{Heap after GC invocations=19 (full 0):
 garbage-first heap   total 307200K, used 119500K [0x0000000094c00000, 0x0000000100000000)
  region size 1024K, 1 young (1024K), 1 survivors (1024K)
 Metaspace       used 26014K, committed 26304K, reserved 1114112K
  class space    used 3118K, committed 3264K, reserved 1048576K
}

