# JRE version: OpenJDK Runtime Environment (17.0.9+9) (build 17.0.9+9-Ubuntu-120.04)
# Java VM: OpenJDK 64-Bit Server VM (17.0.9+9-Ubuntu-120.04, mixed mode, sharing, tiered, compressed oops, compressed class ptrs, g1 gc, linux-amd64)
Heap:
 garbage-first heap   total 368640K, used 126804K [0x0000000094c00000, 0x0000000100000000)
  region size 1024K, 5 young (5120K), 1 survivors (1024K)
 Metaspace       used 26123K, committed 26432K, reserved 1114112K
  class space    used 3119K, committed 3264K, reserved 1048576K
GC Heap History (20 events):
Event: 203.001 GC heap before
{Heap before GC invocations=16 (full 0):
 garbage-first heap   total 252928K, used 110415K [0x0000000094c00000, 0x0000000100000000)
  region size 1024K, 7 young (7168K), 4 survivors (4096K)
 Metaspace       used 26005K, committed 26304K, reserved 1114112K
  class space    used 3117K, committed 3264K, reserved 1048576K
}
Event: 203.004 GC heap after
{Heap after GC invocations=17 (full 0):
 garbage-first heap   total 252928K, used 93003K [0x0000000094c00000, 0x0000000100000000)
  region size 1024K, 4 young (4096K), 4 survivors (4096K)
 Metaspace       used 26005K, committed 26304K, reserved 1114112K
  class space    used 3117K, committed 3264K, reserved 1048576K
}
Event: 203.074 GC heap before
{Heap before GC invocations=17 (full 0):
 garbage-first heap   total 252928K, used 108363K [0x0000000094c00000, 0x0000000100000000)
  region size 1024K, 5 young (5120K), 4 survivors (4096K)
 Metaspace       used 26006K, committed 26304K, reserved 1114112K
  class space    used 3117K, committed 3264K, reserved 1048576K
}
Event: 203.078 GC heap after
{Heap after GC invocations=18 (full 0):
 garbage-first heap   total 252928K, used 46849K [0x0000000094c00000, 0x0000000100000000)
  region size 1024K, 4 young (4096K), 4 survivors (4096K)
 Metaspace       used 26006K, committed 26304K, reserved 1114112K
  class space    used 3117K, committed 3264K, reserved 1048576K
}
Event: 203.296 GC heap before
{Heap before GC invocations=18 (full 0):
 garbage-first heap   total 252928K, used 109313K [0x0000000094c00000, 0x0000000100000000)
  region size 1024K, 6 young (6144K), 4 survivors (4096K)
 Metaspace       used 26009K, committed 26304K, reserved 1114112K
  class space    used 3117K, committed 3264K, reserved 1048576K
}
Event: 203.299 GC heap after
{Heap after GC invocations=19 (full 0):
 garbage-first heap   total 368640K, used 92927K [0x0000000094c00000, 0x0000000100000000)
  region size 1024K, 3 young (3072K), 3 survivors (3072K)
 Metaspace       used 26009K, committed 26304K, reserved 1114112K
  class space    used 3117K, committed 3264K, reserved 1048576K
}
Event: 203.607 GC heap before
{Heap before GC invocations=19 (full 0):
 garbage-first heap   total 368640K, used 164607K [0x0000000094c00000, 0x0000000100000000)
  region size 1024K, 6 young (6144K), 3 survivors (3072K)
 Metaspace       used 26027K, committed 26304K, reserved 1114112K
  class space    used 3117K, committed 3264K, reserved 1048576K
}
Event: 203.613 GC heap after
{Heap after GC invocations=20 (full 0):
 garbage-first heap   total 368640K, used 101156K [0x0000000094c00000, 0x0000000100000000)
  region size 1024K, 3 young (3072K), 3 survivors (3072K)
 Metaspace       used 26027K, committed 26304K, reserved 1114112K
  class space    used 3117K, committed 3264K, reserved 1048576K
}
Event: 206.200 GC heap before
{Heap before GC invocations=20 (full 0):
 garbage-first heap   total 368640K, used 163620K [0x0000000094c00000, 0x0000000100000000)
  region size 1024K, 5 young (5120K), 3 survivors (3072K)
 Metaspace       used 26055K, committed 26368K, reserved 1114112K
  class space    used 3117K, committed 3264K, reserved 1048576K
}
Event: 206.207 GC heap after
{Heap after GC invocations=21 (full 0):
 garbage-first heap   total 368640K, used 101291K [0x0000000094c00000, 0x0000000100000000)
  region size 1024K, 2 young (2048K), 2 survivors (2048K)
 Metaspace       used 26055K, committed 26368K, reserved 1114112K
  class space    used 3117K, committed 3264K, reserved 1048576K
}
Event: 206.409 GC heap before
{Heap before GC invocations=21 (full 0):
 garbage-first heap   total 368640K, used 163755K [0x0000000094c00000, 0x0000000100000000)
  region size 1024K, 4 young (4096K), 2 survivors (2048K)
 Metaspace       used 26056K, committed 26368K, reserved 1114112K
  class space    used 3117K, committed 3264K, reserved 1048576K
}
Event: 206.412 GC heap after
{Heap after GC invocations=22 (full 0):
 garbage-first heap   total 368640K, used 101195K [0x0000000094c00000, 0x0000000100000000)
  region size 1024K, 2 young (2048K), 2 survivors (2048K)
 Metaspace       used 26056K, committed 26368K, reserved 1114112K
  class space    used 3117K, committed 3264K, reserved 1048576K
}
Event: 206.629 GC heap before
{Heap before GC invocations=22 (full 0):
 garbage-first heap   total 368640K, used 163659K [0x0000000094c00000, 0x0000000100000000)
  region size 1024K, 4 young (4096K), 2 survivors (2048K)
 Metaspace       used 26070K, committed 26368K, reserved 1114112K
  class space    used 3117K, committed 3264K, reserved 1048576K
}
Event: 206.631 GC heap after
{Heap after GC invocations=23 (full 0):
 garbage-first heap   total 368640K, used 101274K [0x0000000094c00000, 0x0000000100000000)
  region size 1024K, 1 young (1024K), 1 survivors (1024K)
 Metaspace       used 26070K, committed 26368K, reserved 1114112K
  class space    used 3117K, committed 3264K, reserved 1048576K
}
Event: 206.824 GC heap before
{Heap before GC invocations=23 (full 0):
 garbage-first heap   total 368640K, used 163738K [0x0000000094c00000, 0x0000000100000000)
  region size 1024K, 3 young (3072K), 1 survivors (1024K)
 Metaspace       used 26080K, committed 26368K, reserved 1114112K
  class space    used 3117K, committed 3264K, reserved 1048576K
}
Event: 206.826 GC heap after
{Heap after GC invocations=24 (full 0):
 garbage-first heap   total 368640K, used 101327K [0x0000000094c00000, 0x0000000100000000)
  region size 1024K, 1 young (1024K), 1 survivors (1024K)
 Metaspace       used 26080K, committed 26368K, reserved 1114112K
  class space    used 3117K, committed 3264K, reserved 1048576K
}
Event: 207.006 GC heap before
{Heap before GC invocations=24 (full 0):
 garbage-first heap   total 368640K, used 164815K [0x0000000094c00000, 0x0000000100000000)
  region size 1024K, 4 young (4096K), 1 survivors (1024K)
 Metaspace       used 26089K, committed 26432K, reserved 1114112K
  class space    used 3117K, committed 3264K, reserved 1048576K
}
Event: 207.008 GC heap after
{Heap after GC invocations=25 (full 0):
 garbage-first heap   total 368640K, used 101206K [0x0000000094c00000, 0x0000000100000000)
  region size 1024K, 1 young (1024K), 1 survivors (1024K)
 Metaspace       used 26089K, committed 26432K, reserved 1114112K
  class space    used 3117K, committed 3264K, reserved 1048576K
}
Event: 207.282 GC heap before
{Heap before GC invocations=25 (full 0):
 garbage-first heap   total 368640K, used 164694K [0x0000000094c00000, 0x0000000100000000)
  region size 1024K, 4 young (4096K), 1 survivors (1024K)
 Metaspace       used 26096K, committed 26432K, reserved 1114112K
  class space    used 3117K, committed 3264K, reserved 1048576K
}
Event: 207.283 GC heap after
{Heap after GC invocations=26 (full 0):
 garbage-first heap   total 368640K, used 101204K [0x0000000094c00000, 0x0000000100000000)
  region size 1024K, 1 young (1024K), 1 survivors (1024K)
 Metaspace       used 26096K, committed 26432K, reserved 1114112K
  class space    used 3117K, committed 3264K, reserved 1048576K
}

